\BOOKMARK [0][-]{section*.2}{Testing the ``no-hair'' property of black holes withX-ray observations of accretion disks}{}
\BOOKMARK [1][-]{section*.1}{Abstract}{section*.2}
\BOOKMARK [1][-]{section*.3}{Introduction}{section*.2}
\BOOKMARK [1][-]{section*.4}{Bumpy black hole spacetimes}{section*.2}
\BOOKMARK [2][-]{section*.5}{Known black hole solutions}{section*.4}
\BOOKMARK [3][-]{section*.6}{The Kehagias Sfetsos metric}{section*.5}
\BOOKMARK [3][-]{section*.7}{The Chern Simons metric linear in spin}{section*.5}
\BOOKMARK [3][-]{section*.8}{The Chern Simons metric quadratic in spin}{section*.5}
\BOOKMARK [1][-]{section*.9}{Disk emission in bumpy black holes spacetimes}{section*.2}
\BOOKMARK [2][-]{section*.10}{Line emission}{section*.9}
\BOOKMARK [2][-]{section*.11}{Black-body spectra}{section*.9}
\BOOKMARK [2][-]{section*.12}{The effect of lightbending}{section*.9}
\BOOKMARK [1][-]{section*.13}{The Fisher matrix}{section*.2}
\BOOKMARK [1][-]{section*.14}{Verification of the applicability of the Fisher matrix formalism}{section*.2}
\BOOKMARK [2][-]{section*.15}{MCMC}{section*.14}
\BOOKMARK [2][-]{section*.16}{Mismatch ratio}{section*.14}
\BOOKMARK [1][-]{section*.17}{Results}{section*.2}
\BOOKMARK [2][-]{section*.18}{Kerr errors: Iron line}{section*.17}
\BOOKMARK [2][-]{section*.19}{KS metric}{section*.17}
\BOOKMARK [2][-]{section*.20}{CS metric}{section*.17}
\BOOKMARK [2][-]{section*.21}{BN metrics}{section*.17}
\BOOKMARK [1][-]{section*.22}{Discussion}{section*.2}
\BOOKMARK [1][-]{section*.23}{Metric components}{section*.2}
\BOOKMARK [2][-]{section*.24}{BN}{section*.23}
\BOOKMARK [2][-]{section*.25}{CS2}{section*.23}
\BOOKMARK [1][-]{section*.26}{Radial dependence of the flux}{section*.2}
\BOOKMARK [1][-]{section*.27}{References}{section*.2}
